<?xml version="1.0" encoding="UTF-8"?>
<!-- Generated by org.testng.reporters.JUnitXMLReporter -->
<testsuite ignored="1" hostname="DESKTOP-VRE7QCS" failures="0" tests="1" name="Default test" time="11.581" errors="0" timestamp="2022-07-07T11:59:17 IST">
  <testcase classname="test.ZerodhaHomePageTest" name="homePageTest1" time="4.783"/>
  <testcase classname="test.ZerodhaHomePageTest" name="homePageTest" time="0.0">
    <ignored/>
  </testcase> <!-- homePageTest -->
</testsuite> <!-- Default test -->
