<?xml version="1.0" encoding="UTF-8"?>
<testng-results ignored="1" total="2" passed="1" failed="0" skipped="0">
  <reporter-output>
  </reporter-output>
  <suite started-at="2022-07-07T11:59:05 IST" name="Default suite" finished-at="2022-07-07T11:59:17 IST" duration-ms="11581">
    <groups>
    </groups>
    <test started-at="2022-07-07T11:59:05 IST" name="Default test" finished-at="2022-07-07T11:59:17 IST" duration-ms="11581">
      <class name="test.ZerodhaHomePageTest">
        <test-method is-config="true" signature="openBrowser()[pri:0, instance:test.ZerodhaHomePageTest@6e20b53a]" started-at="2022-07-07T11:59:05 IST" name="openBrowser" finished-at="2022-07-07T11:59:12 IST" duration-ms="6428" status="PASS">
          <reporter-output>
          </reporter-output>
        </test-method> <!-- openBrowser -->
        <test-method signature="homePageTest1()[pri:0, instance:test.ZerodhaHomePageTest@6e20b53a]" started-at="2022-07-07T11:59:12 IST" name="homePageTest1" finished-at="2022-07-07T11:59:16 IST" duration-ms="4783" status="PASS">
          <reporter-output>
          </reporter-output>
        </test-method> <!-- homePageTest1 -->
        <test-method is-config="true" signature="screen()[pri:0, instance:test.ZerodhaHomePageTest@6e20b53a]" started-at="2022-07-07T11:59:16 IST" name="screen" finished-at="2022-07-07T11:59:17 IST" duration-ms="299" status="PASS">
          <reporter-output>
          </reporter-output>
        </test-method> <!-- screen -->
      </class> <!-- test.ZerodhaHomePageTest -->
    </test> <!-- Default test -->
  </suite> <!-- Default suite -->
</testng-results>
